<?xml version="1.0" encoding="UTF-8"?>
<!-- Generated by org.testng.reporters.JUnitReportReporter -->
<testsuite name="com.learnautomation.testcases.AppLunchTest" tests="1" time="10.367" ignored="0" failures="0" timestamp="18 Mar 2019 19:02:01 GMT" skipped="0" hostname="U6044355-TPL-A" errors="0">
  <testcase name="lunchApp" time="10.367" classname="com.learnautomation.testcases.AppLunchTest"/>
</testsuite> <!-- com.learnautomation.testcases.AppLunchTest -->
