<?xml version="1.0" encoding="UTF-8"?>
<!-- Generated by org.testng.reporters.JUnitReportReporter -->
<testsuite name="com.Guru99.BankingApp.Tests.Guru99BankLoginTest" tests="1" time="4.731" ignored="0" failures="0" timestamp="30 May 2019 17:54:01 GMT" skipped="0" hostname="U6044355-TPL-A" errors="0">
  <testcase name="verifyLogin" time="4.731" classname="com.Guru99.BankingApp.Tests.Guru99BankLoginTest"/>
</testsuite> <!-- com.Guru99.BankingApp.Tests.Guru99BankLoginTest -->
