<?xml version="1.0" encoding="UTF-8"?>
<!-- Generated by org.testng.reporters.JUnitReportReporter -->
<testsuite name="com.Guru99.BankingApp.Tests.Guru99BankLoginFailedTest" tests="1" time="9.929" ignored="0" failures="0" timestamp="24 Mar 2020 19:14:26 GMT" skipped="0" hostname="TR-1S71YY2" errors="0">
  <testcase name="verifyLoginFailure" time="9.929" classname="com.Guru99.BankingApp.Tests.Guru99BankLoginFailedTest"/>
</testsuite> <!-- com.Guru99.BankingApp.Tests.Guru99BankLoginFailedTest -->
