<?xml version="1.0" encoding="UTF-8"?>
<!-- Generated by org.testng.reporters.JUnitReportReporter -->
<testsuite name="com.Guru99.BankingApp.Tests.Guru99BankManagerIDTest" tests="1" time="5.242" ignored="0" failures="0" timestamp="03 Jun 2019 14:51:55 GMT" skipped="0" hostname="U6044355-TPL-A" errors="0">
  <testcase name="verifyManagerID" time="5.242" classname="com.Guru99.BankingApp.Tests.Guru99BankManagerIDTest"/>
</testsuite> <!-- com.Guru99.BankingApp.Tests.Guru99BankManagerIDTest -->
