<?xml version="1.0" encoding="UTF-8"?>
<!-- Generated by org.testng.reporters.JUnitReportReporter -->
<testsuite name="com.Guru99.BankingApp.Tests.Guru99BankLoginTest" tests="1" time="0.001" ignored="2" failures="0" timestamp="26 May 2020 14:16:10 GMT" skipped="1" hostname="TR-1S71YY2" errors="0">
  <testcase name="verifyLogin" time="0.001" classname="com.Guru99.BankingApp.Tests.Guru99BankLoginTest">
    <skipped/>
  </testcase> <!-- verifyLogin -->
  <testcase name="setUpSuite" classname="com.Guru99.BankingApp.Pages.BaseTestClass">
    <skipped/>
  </testcase> <!-- setUpSuite -->
  <testcase name="setUpSuite" classname="com.Guru99.BankingApp.Pages.BaseTestClass">
    <skipped/>
  </testcase> <!-- setUpSuite -->
</testsuite> <!-- com.Guru99.BankingApp.Tests.Guru99BankLoginTest -->
