<?xml version="1.0" encoding="UTF-8"?>
<!-- Generated by org.testng.reporters.JUnitReportReporter -->
<testsuite name="com.Guru99.BankingApp.Tests.Guru99BankLoginFailedTest" tests="1" time="3.297" ignored="0" failures="0" timestamp="01 Jun 2019 10:45:44 GMT" skipped="0" hostname="U6044355-TPL-A" errors="0">
  <testcase name="verifyLoginFailure" time="3.297" classname="com.Guru99.BankingApp.Tests.Guru99BankLoginFailedTest"/>
</testsuite> <!-- com.Guru99.BankingApp.Tests.Guru99BankLoginFailedTest -->
