<?xml version="1.0" encoding="UTF-8"?>
<!-- Generated by org.testng.reporters.JUnitReportReporter -->
<testsuite name="com.Guru99.BankingApp.Tests.Guru99BankManagerIDTest" tests="2" time="0.001" ignored="2" failures="0" timestamp="26 May 2020 14:16:10 GMT" skipped="1" hostname="TR-1S71YY2" errors="1">
  <testcase name="setUp" time="0.000" classname="com.Guru99.BankingApp.Tests.Guru99BankManagerIDTest">
    <error type="java.lang.NullPointerException">
      <![CDATA[java.lang.NullPointerException
	at com.Guru99.BankingApp.Pages.BaseTestClass.setUp(BaseTestClass.java:53)
	at sun.reflect.NativeMethodAccessorImpl.invoke0(Native Method)
	at sun.reflect.NativeMethodAccessorImpl.invoke(NativeMethodAccessorImpl.java:62)
	at sun.reflect.DelegatingMethodAccessorImpl.invoke(DelegatingMethodAccessorImpl.java:43)
	at java.lang.reflect.Method.invoke(Method.java:498)
	at org.testng.internal.MethodInvocationHelper.invokeMethod(MethodInvocationHelper.java:104)
	at org.testng.internal.Invoker.invokeConfigurationMethod(Invoker.java:515)
	at org.testng.internal.Invoker.invokeConfigurations(Invoker.java:217)
	at org.testng.internal.Invoker.invokeConfigurations(Invoker.java:144)
	at org.testng.internal.TestMethodWorker.invokeBeforeClassMethods(TestMethodWorker.java:169)
	at org.testng.internal.TestMethodWorker.run(TestMethodWorker.java:108)
	at java.util.concurrent.ThreadPoolExecutor.runWorker(ThreadPoolExecutor.java:1149)
	at java.util.concurrent.ThreadPoolExecutor$Worker.run(ThreadPoolExecutor.java:624)
	at java.lang.Thread.run(Thread.java:748)
]]>
    </error>
  </testcase> <!-- setUp -->
  <testcase name="verifyManagerID" time="0.001" classname="com.Guru99.BankingApp.Tests.Guru99BankManagerIDTest">
    <skipped/>
  </testcase> <!-- verifyManagerID -->
  <testcase name="setUpSuite" classname="com.Guru99.BankingApp.Pages.BaseTestClass">
    <skipped/>
  </testcase> <!-- setUpSuite -->
  <testcase name="setUpSuite" classname="com.Guru99.BankingApp.Pages.BaseTestClass">
    <skipped/>
  </testcase> <!-- setUpSuite -->
</testsuite> <!-- com.Guru99.BankingApp.Tests.Guru99BankManagerIDTest -->
